# JRE version: OpenJDK Runtime Environment Temurin-21.0.10+7 (21.0.10+7) (build 21.0.10+7-LTS)
# Java VM: OpenJDK 64-Bit Server VM Temurin-21.0.10+7 (21.0.10+7-LTS, mixed mode, sharing, tiered, compressed oops, compressed class ptrs, parallel gc, windows-amd64)
GC Precious Log:
 CardTable entry size: 512
 CPUs: 4 total, 4 available
 Memory: 12200M
 Large Page Support: Disabled
 NUMA Support: Disabled
 Compressed Oops: Enabled (32-bit)
 Alignments: Space 512K, Generation 512K, Heap 2M
 Heap Min Capacity: 100M
 Heap Initial Capacity: 100M
 Heap Max Capacity: 2G
 Pre-touch: Disabled
 Parallel Workers: 4
Heap:
 PSYoungGen      total 22016K, used 16128K [0x00000000d5580000, 0x00000000d7900000, 0x0000000100000000)
  eden space 12800K, 62% used [0x00000000d5580000,0x00000000d5d55048,0x00000000d6200000)
  from space 9216K, 87% used [0x00000000d6200000,0x00000000d69eb010,0x00000000d6b00000)
  to   space 8704K, 0% used [0x00000000d7080000,0x00000000d7080000,0x00000000d7900000)
 ParOldGen       total 83968K, used 83147K [0x0000000080000000, 0x0000000085200000, 0x00000000d5580000)
  object space 83968K, 99% used [0x0000000080000000,0x0000000085132cd0,0x0000000085200000)
 Metaspace       used 62539K, committed 64064K, reserved 1114112K
  class space    used 6797K, committed 7424K, reserved 1048576K
GC Heap History (20 events):
Event: 44.757 GC heap before
{Heap before GC invocations=33 (full 2):
 PSYoungGen      total 20992K, used 20512K [0x00000000d5580000, 0x00000000d6e00000, 0x0000000100000000)
  eden space 18944K, 100% used [0x00000000d5580000,0x00000000d6800000,0x00000000d6800000)
  from space 2048K, 76% used [0x00000000d6c00000,0x00000000d6d88000,0x00000000d6e00000)
  to   space 2048K, 0% used [0x00000000d6a00000,0x00000000d6a00000,0x00000000d6c00000)
 ParOldGen       total 68608K, used 50536K [0x0000000080000000, 0x0000000084300000, 0x00000000d5580000)
  object space 68608K, 73% used [0x0000000080000000,0x000000008315a230,0x0000000084300000)
 Metaspace       used 54709K, committed 56064K, reserved 1114112K
  class space    used 6033K, committed 6592K, reserved 1048576K
}
Event: 44.766 GC heap after
{Heap after GC invocations=33 (full 2):
 PSYoungGen      total 20480K, used 1280K [0x00000000d5580000, 0x00000000d6c80000, 0x0000000100000000)
  eden space 18944K, 0% used [0x00000000d5580000,0x00000000d5580000,0x00000000d6800000)
  from space 1536K, 83% used [0x00000000d6a00000,0x00000000d6b40000,0x00000000d6b80000)
  to   space 1024K, 0% used [0x00000000d6b80000,0x00000000d6b80000,0x00000000d6c80000)
 ParOldGen       total 68608K, used 52089K [0x0000000080000000, 0x0000000084300000, 0x00000000d5580000)
  object space 68608K, 75% used [0x0000000080000000,0x00000000832de430,0x0000000084300000)
 Metaspace       used 54709K, committed 56064K, reserved 1114112K
  class space    used 6033K, committed 6592K, reserved 1048576K
}
Event: 45.347 GC heap before
{Heap before GC invocations=34 (full 2):
 PSYoungGen      total 20480K, used 20224K [0x00000000d5580000, 0x00000000d6c80000, 0x0000000100000000)
  eden space 18944K, 100% used [0x00000000d5580000,0x00000000d6800000,0x00000000d6800000)
  from space 1536K, 83% used [0x00000000d6a00000,0x00000000d6b40000,0x00000000d6b80000)
  to   space 1024K, 0% used [0x00000000d6b80000,0x00000000d6b80000,0x00000000d6c80000)
 ParOldGen       total 68608K, used 52089K [0x0000000080000000, 0x0000000084300000, 0x00000000d5580000)
  object space 68608K, 75% used [0x0000000080000000,0x00000000832de430,0x0000000084300000)
 Metaspace       used 56075K, committed 57408K, reserved 1114112K
  class space    used 6214K, committed 6784K, reserved 1048576K
}
Event: 45.352 GC heap after
{Heap after GC invocations=34 (full 2):
 PSYoungGen      total 19968K, used 523K [0x00000000d5580000, 0x00000000d6c80000, 0x0000000100000000)
  eden space 18944K, 0% used [0x00000000d5580000,0x00000000d5580000,0x00000000d6800000)
  from space 1024K, 51% used [0x00000000d6b80000,0x00000000d6c02e58,0x00000000d6c80000)
  to   space 1024K, 0% used [0x00000000d6a80000,0x00000000d6a80000,0x00000000d6b80000)
 ParOldGen       total 68608K, used 53289K [0x0000000080000000, 0x0000000084300000, 0x00000000d5580000)
  object space 68608K, 77% used [0x0000000080000000,0x000000008340a490,0x0000000084300000)
 Metaspace       used 56075K, committed 57408K, reserved 1114112K
  class space    used 6214K, committed 6784K, reserved 1048576K
}
Event: 45.831 GC heap before
{Heap before GC invocations=35 (full 2):
 PSYoungGen      total 19968K, used 19467K [0x00000000d5580000, 0x00000000d6c80000, 0x0000000100000000)
  eden space 18944K, 100% used [0x00000000d5580000,0x00000000d6800000,0x00000000d6800000)
  from space 1024K, 51% used [0x00000000d6b80000,0x00000000d6c02e58,0x00000000d6c80000)
  to   space 1024K, 0% used [0x00000000d6a80000,0x00000000d6a80000,0x00000000d6b80000)
 ParOldGen       total 68608K, used 53289K [0x0000000080000000, 0x0000000084300000, 0x00000000d5580000)
  object space 68608K, 77% used [0x0000000080000000,0x000000008340a490,0x0000000084300000)
 Metaspace       used 57701K, committed 59072K, reserved 1114112K
  class space    used 6341K, committed 6912K, reserved 1048576K
}
Event: 45.834 GC heap after
{Heap after GC invocations=35 (full 2):
 PSYoungGen      total 19968K, used 320K [0x00000000d5580000, 0x00000000d6c00000, 0x0000000100000000)
  eden space 18944K, 0% used [0x00000000d5580000,0x00000000d5580000,0x00000000d6800000)
  from space 1024K, 31% used [0x00000000d6a80000,0x00000000d6ad0000,0x00000000d6b80000)
  to   space 512K, 0% used [0x00000000d6b80000,0x00000000d6b80000,0x00000000d6c00000)
 ParOldGen       total 68608K, used 53768K [0x0000000080000000, 0x0000000084300000, 0x00000000d5580000)
  object space 68608K, 78% used [0x0000000080000000,0x0000000083482220,0x0000000084300000)
 Metaspace       used 57701K, committed 59072K, reserved 1114112K
  class space    used 6341K, committed 6912K, reserved 1048576K
}
Event: 46.101 GC heap before
{Heap before GC invocations=36 (full 2):
 PSYoungGen      total 19968K, used 19264K [0x00000000d5580000, 0x00000000d6c00000, 0x0000000100000000)
  eden space 18944K, 100% used [0x00000000d5580000,0x00000000d6800000,0x00000000d6800000)
  from space 1024K, 31% used [0x00000000d6a80000,0x00000000d6ad0000,0x00000000d6b80000)
  to   space 512K, 0% used [0x00000000d6b80000,0x00000000d6b80000,0x00000000d6c00000)
 ParOldGen       total 68608K, used 53768K [0x0000000080000000, 0x0000000084300000, 0x00000000d5580000)
  object space 68608K, 78% used [0x0000000080000000,0x0000000083482220,0x0000000084300000)
 Metaspace       used 58013K, committed 59328K, reserved 1114112K
  class space    used 6358K, committed 6912K, reserved 1048576K
}
Event: 46.104 GC heap after
{Heap after GC invocations=36 (full 2):
 PSYoungGen      total 19456K, used 500K [0x00000000d5580000, 0x00000000d6c00000, 0x0000000100000000)
  eden space 18944K, 0% used [0x00000000d5580000,0x00000000d5580000,0x00000000d6800000)
  from space 512K, 97% used [0x00000000d6b80000,0x00000000d6bfd020,0x00000000d6c00000)
  to   space 2048K, 0% used [0x00000000d6800000,0x00000000d6800000,0x00000000d6a00000)
 ParOldGen       total 68608K, used 55050K [0x0000000080000000, 0x0000000084300000, 0x00000000d5580000)
  object space 68608K, 80% used [0x0000000080000000,0x00000000835c2a30,0x0000000084300000)
 Metaspace       used 58013K, committed 59328K, reserved 1114112K
  class space    used 6358K, committed 6912K, reserved 1048576K
}
Event: 46.443 GC heap before
{Heap before GC invocations=37 (full 2):
 PSYoungGen      total 19456K, used 19444K [0x00000000d5580000, 0x00000000d6c00000, 0x0000000100000000)
  eden space 18944K, 100% used [0x00000000d5580000,0x00000000d6800000,0x00000000d6800000)
  from space 512K, 97% used [0x00000000d6b80000,0x00000000d6bfd020,0x00000000d6c00000)
  to   space 2048K, 0% used [0x00000000d6800000,0x00000000d6800000,0x00000000d6a00000)
 ParOldGen       total 68608K, used 55050K [0x0000000080000000, 0x0000000084300000, 0x00000000d5580000)
  object space 68608K, 80% used [0x0000000080000000,0x00000000835c2a30,0x0000000084300000)
 Metaspace       used 58318K, committed 59712K, reserved 1114112K
  class space    used 6379K, committed 6976K, reserved 1048576K
}
Event: 46.444 GC heap after
{Heap after GC invocations=37 (full 2):
 PSYoungGen      total 20992K, used 224K [0x00000000d5580000, 0x00000000d6c00000, 0x0000000100000000)
  eden space 18944K, 0% used [0x00000000d5580000,0x00000000d5580000,0x00000000d6800000)
  from space 2048K, 10% used [0x00000000d6800000,0x00000000d6838000,0x00000000d6a00000)
  to   space 1024K, 0% used [0x00000000d6b00000,0x00000000d6b00000,0x00000000d6c00000)
 ParOldGen       total 68608K, used 55193K [0x0000000080000000, 0x0000000084300000, 0x00000000d5580000)
  object space 68608K, 80% used [0x0000000080000000,0x00000000835e6400,0x0000000084300000)
 Metaspace       used 58318K, committed 59712K, reserved 1114112K
  class space    used 6379K, committed 6976K, reserved 1048576K
}
Event: 46.450 GC heap before
{Heap before GC invocations=38 (full 2):
 PSYoungGen      total 20992K, used 983K [0x00000000d5580000, 0x00000000d6c00000, 0x0000000100000000)
  eden space 18944K, 4% used [0x00000000d5580000,0x00000000d563dda0,0x00000000d6800000)
  from space 2048K, 10% used [0x00000000d6800000,0x00000000d6838000,0x00000000d6a00000)
  to   space 1024K, 0% used [0x00000000d6b00000,0x00000000d6b00000,0x00000000d6c00000)
 ParOldGen       total 68608K, used 55193K [0x0000000080000000, 0x0000000084300000, 0x00000000d5580000)
  object space 68608K, 80% used [0x0000000080000000,0x00000000835e6400,0x0000000084300000)
 Metaspace       used 58432K, committed 59776K, reserved 1114112K
  class space    used 6390K, committed 6976K, reserved 1048576K
}
Event: 46.451 GC heap after
{Heap after GC invocations=38 (full 2):
 PSYoungGen      total 19456K, used 96K [0x00000000d5580000, 0x00000000d6b80000, 0x0000000100000000)
  eden space 18944K, 0% used [0x00000000d5580000,0x00000000d5580000,0x00000000d6800000)
  from space 512K, 18% used [0x00000000d6b00000,0x00000000d6b18000,0x00000000d6b80000)
  to   space 512K, 0% used [0x00000000d6a80000,0x00000000d6a80000,0x00000000d6b00000)
 ParOldGen       total 68608K, used 55317K [0x0000000080000000, 0x0000000084300000, 0x00000000d5580000)
  object space 68608K, 80% used [0x0000000080000000,0x0000000083605410,0x0000000084300000)
 Metaspace       used 58432K, committed 59776K, reserved 1114112K
  class space    used 6390K, committed 6976K, reserved 1048576K
}
Event: 46.451 GC heap before
{Heap before GC invocations=39 (full 3):
 PSYoungGen      total 19456K, used 96K [0x00000000d5580000, 0x00000000d6b80000, 0x0000000100000000)
  eden space 18944K, 0% used [0x00000000d5580000,0x00000000d5580000,0x00000000d6800000)
  from space 512K, 18% used [0x00000000d6b00000,0x00000000d6b18000,0x00000000d6b80000)
  to   space 512K, 0% used [0x00000000d6a80000,0x00000000d6a80000,0x00000000d6b00000)
 ParOldGen       total 68608K, used 55317K [0x0000000080000000, 0x0000000084300000, 0x00000000d5580000)
  object space 68608K, 80% used [0x0000000080000000,0x0000000083605410,0x0000000084300000)
 Metaspace       used 58432K, committed 59776K, reserved 1114112K
  class space    used 6390K, committed 6976K, reserved 1048576K
}
Event: 46.615 GC heap after
{Heap after GC invocations=39 (full 3):
 PSYoungGen      total 19456K, used 0K [0x00000000d5580000, 0x00000000d6b80000, 0x0000000100000000)
  eden space 18944K, 0% used [0x00000000d5580000,0x00000000d5580000,0x00000000d6800000)
  from space 512K, 0% used [0x00000000d6b00000,0x00000000d6b00000,0x00000000d6b80000)
  to   space 512K, 0% used [0x00000000d6a80000,0x00000000d6a80000,0x00000000d6b00000)
 ParOldGen       total 68608K, used 47393K [0x0000000080000000, 0x0000000084300000, 0x00000000d5580000)
  object space 68608K, 69% used [0x0000000080000000,0x0000000082e48490,0x0000000084300000)
 Metaspace       used 58432K, committed 59776K, reserved 1114112K
  class space    used 6390K, committed 6976K, reserved 1048576K
}
Event: 47.281 GC heap before
{Heap before GC invocations=40 (full 3):
 PSYoungGen      total 19456K, used 18944K [0x00000000d5580000, 0x00000000d6b80000, 0x0000000100000000)
  eden space 18944K, 100% used [0x00000000d5580000,0x00000000d6800000,0x00000000d6800000)
  from space 512K, 0% used [0x00000000d6b00000,0x00000000d6b00000,0x00000000d6b80000)
  to   space 512K, 0% used [0x00000000d6a80000,0x00000000d6a80000,0x00000000d6b00000)
 ParOldGen       total 68608K, used 47393K [0x0000000080000000, 0x0000000084300000, 0x00000000d5580000)
  object space 68608K, 69% used [0x0000000080000000,0x0000000082e48490,0x0000000084300000)
 Metaspace       used 60776K, committed 62208K, reserved 1114112K
  class space    used 6621K, committed 7232K, reserved 1048576K
}
Event: 47.284 GC heap after
{Heap after GC invocations=40 (full 3):
 PSYoungGen      total 19456K, used 496K [0x00000000d5580000, 0x00000000d6d00000, 0x0000000100000000)
  eden space 18944K, 0% used [0x00000000d5580000,0x00000000d5580000,0x00000000d6800000)
  from space 512K, 96% used [0x00000000d6a80000,0x00000000d6afc010,0x00000000d6b00000)
  to   space 2048K, 0% used [0x00000000d6b00000,0x00000000d6b00000,0x00000000d6d00000)
 ParOldGen       total 68608K, used 49050K [0x0000000080000000, 0x0000000084300000, 0x00000000d5580000)
  object space 68608K, 71% used [0x0000000080000000,0x0000000082fe6ad0,0x0000000084300000)
 Metaspace       used 60776K, committed 62208K, reserved 1114112K
  class space    used 6621K, committed 7232K, reserved 1048576K
}
Event: 47.746 GC heap before
{Heap before GC invocations=41 (full 3):
 PSYoungGen      total 19456K, used 18705K [0x00000000d5580000, 0x00000000d6d00000, 0x0000000100000000)
  eden space 18944K, 96% used [0x00000000d5580000,0x00000000d6748510,0x00000000d6800000)
  from space 512K, 96% used [0x00000000d6a80000,0x00000000d6afc010,0x00000000d6b00000)
  to   space 2048K, 0% used [0x00000000d6b00000,0x00000000d6b00000,0x00000000d6d00000)
 ParOldGen       total 68608K, used 49050K [0x0000000080000000, 0x0000000084300000, 0x00000000d5580000)
  object space 68608K, 71% used [0x0000000080000000,0x0000000082fe6ad0,0x0000000084300000)
 Metaspace       used 61716K, committed 63168K, reserved 1114112K
  class space    used 6725K, committed 7360K, reserved 1048576K
}
Event: 47.751 GC heap after
{Heap after GC invocations=41 (full 3):
 PSYoungGen      total 14848K, used 2040K [0x00000000d5580000, 0x00000000d7a00000, 0x0000000100000000)
  eden space 12800K, 0% used [0x00000000d5580000,0x00000000d5580000,0x00000000d6200000)
  from space 2048K, 99% used [0x00000000d6b00000,0x00000000d6cfe170,0x00000000d6d00000)
  to   space 9216K, 0% used [0x00000000d6200000,0x00000000d6200000,0x00000000d6b00000)
 ParOldGen       total 68608K, used 54774K [0x0000000080000000, 0x0000000084300000, 0x00000000d5580000)
  object space 68608K, 79% used [0x0000000080000000,0x000000008357d930,0x0000000084300000)
 Metaspace       used 61716K, committed 63168K, reserved 1114112K
  class space    used 6725K, committed 7360K, reserved 1048576K
}
Event: 47.803 GC heap before
{Heap before GC invocations=42 (full 3):
 PSYoungGen      total 14848K, used 14840K [0x00000000d5580000, 0x00000000d7a00000, 0x0000000100000000)
  eden space 12800K, 100% used [0x00000000d5580000,0x00000000d6200000,0x00000000d6200000)
  from space 2048K, 99% used [0x00000000d6b00000,0x00000000d6cfe170,0x00000000d6d00000)
  to   space 9216K, 0% used [0x00000000d6200000,0x00000000d6200000,0x00000000d6b00000)
 ParOldGen       total 68608K, used 54778K [0x0000000080000000, 0x0000000084300000, 0x00000000d5580000)
  object space 68608K, 79% used [0x0000000080000000,0x000000008357ebe8,0x0000000084300000)
 Metaspace       used 61759K, committed 63232K, reserved 1114112K
  class space    used 6730K, committed 7360K, reserved 1048576K
}
Event: 47.810 GC heap after
{Heap after GC invocations=42 (full 3):
 PSYoungGen      total 22016K, used 8108K [0x00000000d5580000, 0x00000000d7900000, 0x0000000100000000)
  eden space 12800K, 0% used [0x00000000d5580000,0x00000000d5580000,0x00000000d6200000)
  from space 9216K, 87% used [0x00000000d6200000,0x00000000d69eb010,0x00000000d6b00000)
  to   space 8704K, 0% used [0x00000000d7080000,0x00000000d7080000,0x00000000d7900000)
 ParOldGen       total 68608K, used 56817K [0x0000000080000000, 0x0000000084300000, 0x00000000d5580000)
  object space 68608K, 82% used [0x0000000080000000,0x000000008377c720,0x0000000084300000)
 Metaspace       used 61759K, committed 63232K, reserved 1114112K
  class space    used 6730K, committed 7360K, reserved 1048576K
}

